2013-09-02T21:25:28.342785+00:00 app[web.1]:      5: 
2013-09-02T21:25:28.342785+00:00 app[web.1]:     11: <!--<p>
2013-09-02T21:25:28.342785+00:00 app[web.1]:   app/views/activities/show.html.erb:8:in `_app_views_activities_show_html_erb__4335554395449941970_70247846208460'
2013-09-02T21:25:28.342986+00:00 app[web.1]:   app/controllers/activities_controller.rb:22:in `show_random'
2013-09-02T21:25:28.342986+00:00 app[web.1]: 
2013-09-02T21:25:28.342785+00:00 app[web.1]:     10: 
2013-09-02T21:25:28.342785+00:00 app[web.1]:      9: </h1>
2013-09-02T21:25:28.342986+00:00 app[web.1]:      5: 
2013-09-02T21:25:28.342986+00:00 app[web.1]:      6: <div class="activities-box">
2013-09-02T21:25:28.342986+00:00 app[web.1]:      7: <h1>
2013-09-02T21:25:28.342986+00:00 app[web.1]: 
2013-09-02T21:25:28.342986+00:00 app[web.1]:      9: </h1>
2013-09-02T21:25:28.343143+00:00 app[web.1]:     11: <!--<p>
2013-09-02T21:25:28.343143+00:00 app[web.1]:   app/views/activities/show.html.erb:8:in `_app_views_activities_show_html_erb__4335554395449941970_70247846208460'
2013-09-02T21:25:28.343143+00:00 app[web.1]: 
2013-09-02T21:25:28.342986+00:00 app[web.1]: 
2013-09-02T21:25:28.342986+00:00 app[web.1]: ActionView::Template::Error (undefined method `name' for nil:NilClass):
2013-09-02T21:25:28.343143+00:00 app[web.1]: 
2013-09-02T21:25:28.343143+00:00 app[web.1]:     10: 
2013-09-02T21:25:28.342986+00:00 app[web.1]:      8:   <%= @activity.name %>
2013-09-02T21:25:28.343143+00:00 app[web.1]:   app/controllers/activities_controller.rb:22:in `show_random'
2013-09-02T22:30:22.424808+00:00 heroku[web.1]: Idling
2013-09-02T22:30:26.035726+00:00 heroku[web.1]: Stopping all processes with SIGTERM
2013-09-02T22:30:26.795692+00:00 app[web.1]: 	/app/vendor/ruby-2.0.0/lib/ruby/2.0.0/webrick/server.rb:170:in `block in start'
2013-09-02T22:30:26.795692+00:00 app[web.1]: [2013-09-02 22:30:26] FATAL SignalException: SIGTERM
2013-09-02T22:30:26.795692+00:00 app[web.1]: 	/app/vendor/ruby-2.0.0/lib/ruby/2.0.0/webrick/server.rb:170:in `select'
2013-09-02T22:30:26.795692+00:00 app[web.1]: 	/app/vendor/ruby-2.0.0/lib/ruby/2.0.0/webrick/server.rb:32:in `start'
2013-09-02T22:30:26.795692+00:00 app[web.1]: 	/app/vendor/ruby-2.0.0/lib/ruby/2.0.0/webrick/server.rb:160:in `start'
2013-09-02T22:30:26.795692+00:00 app[web.1]: 	/app/vendor/bundle/ruby/2.0.0/gems/rack-1.5.2/lib/rack/handler/webrick.rb:14:in `run'
2013-09-02T22:30:26.795692+00:00 app[web.1]: 	/app/vendor/bundle/ruby/2.0.0/gems/railties-4.0.0/lib/rails/commands/server.rb:84:in `start'
2013-09-02T22:30:26.795922+00:00 app[web.1]: 	bin/rails:4:in `require'
2013-09-02T22:30:26.795692+00:00 app[web.1]: 	/app/vendor/bundle/ruby/2.0.0/gems/railties-4.0.0/lib/rails/commands.rb:78:in `block in <top (required)>'
2013-09-02T22:30:26.795692+00:00 app[web.1]: 	/app/vendor/bundle/ruby/2.0.0/gems/railties-4.0.0/lib/rails/commands.rb:73:in `tap'
2013-09-02T22:30:26.795922+00:00 app[web.1]: 	/app/vendor/bundle/ruby/2.0.0/gems/railties-4.0.0/lib/rails/commands.rb:73:in `<top (required)>'
2013-09-02T22:30:26.795922+00:00 app[web.1]: 	bin/rails:4:in `<main>'
2013-09-02T22:30:26.796246+00:00 app[web.1]: [2013-09-02 22:30:26] INFO  going to shutdown ...
2013-09-02T22:30:26.796421+00:00 app[web.1]: [2013-09-02 22:30:26] INFO  WEBrick::HTTPServer#start done.
2013-09-02T22:30:26.796569+00:00 app[web.1]: Exiting
2013-09-02T22:30:26.795692+00:00 app[web.1]: 	/app/vendor/bundle/ruby/2.0.0/gems/rack-1.5.2/lib/rack/server.rb:264:in `start'
2013-09-02T22:30:28.430246+00:00 heroku[web.1]: Process exited with status 143
2013-09-02T22:30:28.446218+00:00 heroku[web.1]: State changed from up to down
2013-09-04T21:52:37.236173+00:00 heroku[web.1]: Unidling
2013-09-04T21:52:37.236494+00:00 heroku[web.1]: State changed from down to starting
2013-09-04T21:52:42.400309+00:00 heroku[web.1]: Starting process with command `bin/rails server -p 43891 -e $RAILS_ENV`
2013-09-04T21:52:48.866007+00:00 heroku[web.1]: State changed from starting to up
2013-09-04T21:52:51.574321+00:00 heroku[router]: at=info method=GET path=/ host=glacial-gorge-4484.herokuapp.com fwd="81.97.181.39" dyno=web.1 connect=1ms service=263ms status=500 bytes=1266
2013-09-04T21:52:48.595139+00:00 app[web.1]: [2013-09-04 21:52:48] INFO  WEBrick 1.3.1
2013-09-04T21:52:48.595292+00:00 app[web.1]: [2013-09-04 21:52:48] INFO  WEBrick::HTTPServer#start: pid=2 port=43891
2013-09-04T21:52:48.595139+00:00 app[web.1]: [2013-09-04 21:52:48] INFO  ruby 2.0.0 (2013-06-27) [x86_64-linux]
2013-09-04T21:52:51.319857+00:00 app[web.1]: => Booting WEBrick
2013-09-04T21:52:51.319857+00:00 app[web.1]: => Rails 4.0.0 application starting in production on http://0.0.0.0:43891
2013-09-04T21:52:51.319857+00:00 app[web.1]: => Run `rails server -h` for more startup options
2013-09-04T21:52:51.319857+00:00 app[web.1]: => Ctrl-C to shutdown server
2013-09-04T21:52:51.319857+00:00 app[web.1]: Started GET "/" for 81.97.181.39 at 2013-09-04 21:52:51 +0000
2013-09-04T21:52:51.319857+00:00 app[web.1]: Started GET "/" for 81.97.181.39 at 2013-09-04 21:52:51 +0000
2013-09-04T21:52:51.575995+00:00 app[web.1]: 
2013-09-04T21:52:51.575995+00:00 app[web.1]: ActionView::Template::Error (undefined method `name' for nil:NilClass):
2013-09-04T21:52:51.575995+00:00 app[web.1]:      5: 
2013-09-04T21:52:51.575995+00:00 app[web.1]:      7: <h1>
2013-09-04T21:52:51.575995+00:00 app[web.1]:      6: <div class="activities-box">
2013-09-04T21:52:51.575995+00:00 app[web.1]:      8:   <%= @activity.name %>
2013-09-04T21:52:51.575995+00:00 app[web.1]:      9: </h1>
2013-09-04T21:52:51.575995+00:00 app[web.1]:     10: 
2013-09-04T21:52:51.576198+00:00 app[web.1]:   app/controllers/activities_controller.rb:22:in `show_random'
2013-09-04T21:52:51.575995+00:00 app[web.1]:     11: <!--<p>
2013-09-04T21:52:51.575995+00:00 app[web.1]:   app/views/activities/show.html.erb:8:in `_app_views_activities_show_html_erb__3008951116503753537_70113237574780'
2013-09-04T21:52:51.576198+00:00 app[web.1]: 
2013-09-04T21:52:51.576198+00:00 app[web.1]: 
2013-09-04T21:52:51.576198+00:00 app[web.1]: ActionView::Template::Error (undefined method `name' for nil:NilClass):
2013-09-04T21:52:51.576198+00:00 app[web.1]: 
2013-09-04T21:52:51.576198+00:00 app[web.1]:      5: 
2013-09-04T21:52:51.576198+00:00 app[web.1]:      6: <div class="activities-box">
2013-09-04T21:52:51.576198+00:00 app[web.1]:      7: <h1>
2013-09-04T21:52:51.576198+00:00 app[web.1]:      8:   <%= @activity.name %>
2013-09-04T21:52:51.576198+00:00 app[web.1]:      9: </h1>
2013-09-04T21:52:51.576345+00:00 app[web.1]:     10: 
2013-09-04T21:52:51.576345+00:00 app[web.1]:     11: <!--<p>
2013-09-04T21:52:51.576345+00:00 app[web.1]:   app/views/activities/show.html.erb:8:in `_app_views_activities_show_html_erb__3008951116503753537_70113237574780'
2013-09-04T21:52:51.576345+00:00 app[web.1]: 
2013-09-04T21:52:51.576345+00:00 app[web.1]:   app/controllers/activities_controller.rb:22:in `show_random'
2013-09-04T21:52:51.576345+00:00 app[web.1]: 
2013-09-04T22:59:09.839334+00:00 heroku[web.1]: Idling
2013-09-04T22:59:15.054652+00:00 heroku[web.1]: Stopping all processes with SIGTERM
2013-09-04T22:59:16.221546+00:00 app[web.1]: [2013-09-04 22:59:16] FATAL SignalException: SIGTERM
2013-09-04T22:59:16.221546+00:00 app[web.1]: 	/app/vendor/ruby-2.0.0/lib/ruby/2.0.0/webrick/server.rb:170:in `select'
2013-09-04T22:59:16.221546+00:00 app[web.1]: 	/app/vendor/ruby-2.0.0/lib/ruby/2.0.0/webrick/server.rb:170:in `block in start'
2013-09-04T22:59:16.221546+00:00 app[web.1]: 	/app/vendor/ruby-2.0.0/lib/ruby/2.0.0/webrick/server.rb:32:in `start'
2013-09-04T22:59:16.221546+00:00 app[web.1]: 	/app/vendor/ruby-2.0.0/lib/ruby/2.0.0/webrick/server.rb:160:in `start'
2013-09-04T22:59:16.221546+00:00 app[web.1]: 	/app/vendor/bundle/ruby/2.0.0/gems/rack-1.5.2/lib/rack/handler/webrick.rb:14:in `run'
2013-09-04T22:59:16.221546+00:00 app[web.1]: 	/app/vendor/bundle/ruby/2.0.0/gems/rack-1.5.2/lib/rack/server.rb:264:in `start'
2013-09-04T22:59:16.221546+00:00 app[web.1]: 	/app/vendor/bundle/ruby/2.0.0/gems/railties-4.0.0/lib/rails/commands/server.rb:84:in `start'
2013-09-04T22:59:16.221546+00:00 app[web.1]: 	/app/vendor/bundle/ruby/2.0.0/gems/railties-4.0.0/lib/rails/commands.rb:78:in `block in <top (required)>'
2013-09-04T22:59:16.221546+00:00 app[web.1]: 	/app/vendor/bundle/ruby/2.0.0/gems/railties-4.0.0/lib/rails/commands.rb:73:in `tap'
2013-09-04T22:59:16.221738+00:00 app[web.1]: 	/app/vendor/bundle/ruby/2.0.0/gems/railties-4.0.0/lib/rails/commands.rb:73:in `<top (required)>'
2013-09-04T22:59:16.221738+00:00 app[web.1]: 	bin/rails:4:in `require'
2013-09-04T22:59:16.221738+00:00 app[web.1]: [2013-09-04 22:59:16] INFO  going to shutdown ...
2013-09-04T22:59:16.221738+00:00 app[web.1]: 	bin/rails:4:in `<main>'
2013-09-04T22:59:16.234191+00:00 app[web.1]: [2013-09-04 22:59:16] INFO  WEBrick::HTTPServer#start done.
2013-09-04T22:59:16.242079+00:00 app[web.1]: Exiting
2013-09-04T22:59:19.240075+00:00 heroku[web.1]: State changed from up to down
2013-09-04T22:59:19.230844+00:00 heroku[web.1]: Process exited with status 143
