

Started GET "/" for 127.0.0.1 at 2013-08-25 11:03:48 +0100
  [1m[36mActiveRecord::SchemaMigration Load (0.1ms)[0m  [1mSELECT "schema_migrations".* FROM "schema_migrations"[0m
Processing by Rails::WelcomeController#index as HTML
  Rendered /Users/Sophie/.rbenv/versions/1.9.3-p392/lib/ruby/gems/1.9.1/gems/railties-4.0.0/lib/rails/templates/rails/welcome/index.html.erb (3.4ms)
Completed 200 OK in 42ms (Views: 14.5ms | ActiveRecord: 0.0ms)


Started GET "/activities/random" for 127.0.0.1 at 2013-08-25 11:03:59 +0100

ActionController::RoutingError (No route matches [GET] "/activities/random"):
  actionpack (4.0.0) lib/action_dispatch/middleware/debug_exceptions.rb:21:in `call'
  actionpack (4.0.0) lib/action_dispatch/middleware/show_exceptions.rb:30:in `call'
  railties (4.0.0) lib/rails/rack/logger.rb:38:in `call_app'
  railties (4.0.0) lib/rails/rack/logger.rb:21:in `block in call'
  activesupport (4.0.0) lib/active_support/tagged_logging.rb:67:in `block in tagged'
  activesupport (4.0.0) lib/active_support/tagged_logging.rb:25:in `tagged'
  activesupport (4.0.0) lib/active_support/tagged_logging.rb:67:in `tagged'
  railties (4.0.0) lib/rails/rack/logger.rb:21:in `call'
  actionpack (4.0.0) lib/action_dispatch/middleware/request_id.rb:21:in `call'
  rack (1.5.2) lib/rack/methodoverride.rb:21:in `call'
  rack (1.5.2) lib/rack/runtime.rb:17:in `call'
  activesupport (4.0.0) lib/active_support/cache/strategy/local_cache.rb:83:in `call'
  rack (1.5.2) lib/rack/lock.rb:17:in `call'
  actionpack (4.0.0) lib/action_dispatch/middleware/static.rb:64:in `call'
  railties (4.0.0) lib/rails/engine.rb:511:in `call'
  railties (4.0.0) lib/rails/application.rb:97:in `call'
  rack (1.5.2) lib/rack/lock.rb:17:in `call'
  rack (1.5.2) lib/rack/content_length.rb:14:in `call'
  rack (1.5.2) lib/rack/handler/webrick.rb:60:in `service'
  /Users/Sophie/.rbenv/versions/1.9.3-p392/lib/ruby/1.9.1/webrick/httpserver.rb:138:in `service'
  /Users/Sophie/.rbenv/versions/1.9.3-p392/lib/ruby/1.9.1/webrick/httpserver.rb:94:in `run'
  /Users/Sophie/.rbenv/versions/1.9.3-p392/lib/ruby/1.9.1/webrick/server.rb:191:in `block in start_thread'


  Rendered /Users/Sophie/.rbenv/versions/1.9.3-p392/lib/ruby/gems/1.9.1/gems/actionpack-4.0.0/lib/action_dispatch/middleware/templates/rescues/_trace.erb (1.2ms)
  Rendered /Users/Sophie/.rbenv/versions/1.9.3-p392/lib/ruby/gems/1.9.1/gems/actionpack-4.0.0/lib/action_dispatch/middleware/templates/routes/_table.html.erb (9.0ms)
  Rendered /Users/Sophie/.rbenv/versions/1.9.3-p392/lib/ruby/gems/1.9.1/gems/actionpack-4.0.0/lib/action_dispatch/middleware/templates/rescues/routing_error.erb within rescues/layout (26.4ms)


Started GET "/activities/random" for 127.0.0.1 at 2013-08-25 11:04:41 +0100

ActionController::RoutingError (No route matches [GET] "/activities/random"):
  actionpack (4.0.0) lib/action_dispatch/middleware/debug_exceptions.rb:21:in `call'
  actionpack (4.0.0) lib/action_dispatch/middleware/show_exceptions.rb:30:in `call'
  railties (4.0.0) lib/rails/rack/logger.rb:38:in `call_app'
  railties (4.0.0) lib/rails/rack/logger.rb:21:in `block in call'
  activesupport (4.0.0) lib/active_support/tagged_logging.rb:67:in `block in tagged'
  activesupport (4.0.0) lib/active_support/tagged_logging.rb:25:in `tagged'
  activesupport (4.0.0) lib/active_support/tagged_logging.rb:67:in `tagged'
  railties (4.0.0) lib/rails/rack/logger.rb:21:in `call'
  actionpack (4.0.0) lib/action_dispatch/middleware/request_id.rb:21:in `call'
  rack (1.5.2) lib/rack/methodoverride.rb:21:in `call'
  rack (1.5.2) lib/rack/runtime.rb:17:in `call'
  activesupport (4.0.0) lib/active_support/cache/strategy/local_cache.rb:83:in `call'
  rack (1.5.2) lib/rack/lock.rb:17:in `call'
  actionpack (4.0.0) lib/action_dispatch/middleware/static.rb:64:in `call'
  railties (4.0.0) lib/rails/engine.rb:511:in `call'
  railties (4.0.0) lib/rails/application.rb:97:in `call'
  rack (1.5.2) lib/rack/lock.rb:17:in `call'
  rack (1.5.2) lib/rack/content_length.rb:14:in `call'
  rack (1.5.2) lib/rack/handler/webrick.rb:60:in `service'
  /Users/Sophie/.rbenv/versions/1.9.3-p392/lib/ruby/1.9.1/webrick/httpserver.rb:138:in `service'
  /Users/Sophie/.rbenv/versions/1.9.3-p392/lib/ruby/1.9.1/webrick/httpserver.rb:94:in `run'
  /Users/Sophie/.rbenv/versions/1.9.3-p392/lib/ruby/1.9.1/webrick/server.rb:191:in `block in start_thread'


  Rendered /Users/Sophie/.rbenv/versions/1.9.3-p392/lib/ruby/gems/1.9.1/gems/actionpack-4.0.0/lib/action_dispatch/middleware/templates/rescues/_trace.erb (1.0ms)
  Rendered /Users/Sophie/.rbenv/versions/1.9.3-p392/lib/ruby/gems/1.9.1/gems/actionpack-4.0.0/lib/action_dispatch/middleware/templates/routes/_table.html.erb (1.7ms)
  Rendered /Users/Sophie/.rbenv/versions/1.9.3-p392/lib/ruby/gems/1.9.1/gems/actionpack-4.0.0/lib/action_dispatch/middleware/templates/rescues/routing_error.erb within rescues/layout (11.7ms)


Started GET "/activities/random" for 127.0.0.1 at 2013-08-25 11:04:43 +0100

ActionController::RoutingError (No route matches [GET] "/activities/random"):
  actionpack (4.0.0) lib/action_dispatch/middleware/debug_exceptions.rb:21:in `call'
  actionpack (4.0.0) lib/action_dispatch/middleware/show_exceptions.rb:30:in `call'
  railties (4.0.0) lib/rails/rack/logger.rb:38:in `call_app'
  railties (4.0.0) lib/rails/rack/logger.rb:21:in `block in call'
  activesupport (4.0.0) lib/active_support/tagged_logging.rb:67:in `block in tagged'
  activesupport (4.0.0) lib/active_support/tagged_logging.rb:25:in `tagged'
  activesupport (4.0.0) lib/active_support/tagged_logging.rb:67:in `tagged'
  railties (4.0.0) lib/rails/rack/logger.rb:21:in `call'
  actionpack (4.0.0) lib/action_dispatch/middleware/request_id.rb:21:in `call'
  rack (1.5.2) lib/rack/methodoverride.rb:21:in `call'
  rack (1.5.2) lib/rack/runtime.rb:17:in `call'
  activesupport (4.0.0) lib/active_support/cache/strategy/local_cache.rb:83:in `call'
  rack (1.5.2) lib/rack/lock.rb:17:in `call'
  actionpack (4.0.0) lib/action_dispatch/middleware/static.rb:64:in `call'
  railties (4.0.0) lib/rails/engine.rb:511:in `call'
  railties (4.0.0) lib/rails/application.rb:97:in `call'
  rack (1.5.2) lib/rack/lock.rb:17:in `call'
  rack (1.5.2) lib/rack/content_length.rb:14:in `call'
  rack (1.5.2) lib/rack/handler/webrick.rb:60:in `service'
  /Users/Sophie/.rbenv/versions/1.9.3-p392/lib/ruby/1.9.1/webrick/httpserver.rb:138:in `service'
  /Users/Sophie/.rbenv/versions/1.9.3-p392/lib/ruby/1.9.1/webrick/httpserver.rb:94:in `run'
  /Users/Sophie/.rbenv/versions/1.9.3-p392/lib/ruby/1.9.1/webrick/server.rb:191:in `block in start_thread'


  Rendered /Users/Sophie/.rbenv/versions/1.9.3-p392/lib/ruby/gems/1.9.1/gems/actionpack-4.0.0/lib/action_dispatch/middleware/templates/rescues/_trace.erb (1.1ms)
  Rendered /Users/Sophie/.rbenv/versions/1.9.3-p392/lib/ruby/gems/1.9.1/gems/actionpack-4.0.0/lib/action_dispatch/middleware/templates/routes/_table.html.erb (1.1ms)
  Rendered /Users/Sophie/.rbenv/versions/1.9.3-p392/lib/ruby/gems/1.9.1/gems/actionpack-4.0.0/lib/action_dispatch/middleware/templates/rescues/routing_error.erb within rescues/layout (10.4ms)


Started GET "/activities/random" for 127.0.0.1 at 2013-08-25 11:05:05 +0100
  [1m[36mActiveRecord::SchemaMigration Load (0.1ms)[0m  [1mSELECT "schema_migrations".* FROM "schema_migrations"[0m
Processing by ActivitiesController#show_random as HTML
  [1m[35m (0.1ms)[0m  SELECT COUNT(*) FROM "activities"
  [1m[36mActivity Load (0.2ms)[0m  [1mSELECT "activities".* FROM "activities"[0m
  Rendered activities/show.html.erb within layouts/application (21.1ms)
Completed 200 OK in 760ms (Views: 715.1ms | ActiveRecord: 0.8ms)


Started GET "/assets/jquery.js?body=1" for 127.0.0.1 at 2013-08-25 11:05:06 +0100


Started GET "/assets/jquery_ujs.js?body=1" for 127.0.0.1 at 2013-08-25 11:05:06 +0100


Started GET "/assets/scaffolds.css?body=1" for 127.0.0.1 at 2013-08-25 11:05:06 +0100


Started GET "/assets/application.css?body=1" for 127.0.0.1 at 2013-08-25 11:05:06 +0100


Started GET "/assets/activities.css?body=1" for 127.0.0.1 at 2013-08-25 11:05:06 +0100


Started GET "/assets/turbolinks.js?body=1" for 127.0.0.1 at 2013-08-25 11:05:06 +0100


Started GET "/activities/random" for 127.0.0.1 at 2013-08-25 11:05:06 +0100
Processing by ActivitiesController#show_random as HTML
  [1m[35m (0.2ms)[0m  SELECT COUNT(*) FROM "activities"
  [1m[36mActivity Load (0.2ms)[0m  [1mSELECT "activities".* FROM "activities"[0m
  Rendered activities/show.html.erb within layouts/application (0.6ms)
Completed 200 OK in 9ms (Views: 6.0ms | ActiveRecord: 0.3ms)


Started GET "/assets/application.css?body=1" for 127.0.0.1 at 2013-08-25 11:05:06 +0100


Started GET "/assets/activities.css?body=1" for 127.0.0.1 at 2013-08-25 11:05:06 +0100


Started GET "/assets/application.js?body=1" for 127.0.0.1 at 2013-08-25 11:05:06 +0100


Started GET "/assets/turbolinks.js?body=1" for 127.0.0.1 at 2013-08-25 11:05:06 +0100


Started GET "/assets/activities.js?body=1" for 127.0.0.1 at 2013-08-25 11:05:06 +0100


Started GET "/assets/scaffolds.css?body=1" for 127.0.0.1 at 2013-08-25 11:05:06 +0100


Started GET "/assets/jquery_ujs.js?body=1" for 127.0.0.1 at 2013-08-25 11:05:06 +0100


Started GET "/assets/jquery.js?body=1" for 127.0.0.1 at 2013-08-25 11:05:06 +0100


Started GET "/activities/random" for 127.0.0.1 at 2013-08-25 11:05:08 +0100
Processing by ActivitiesController#show_random as HTML
  [1m[35m (0.2ms)[0m  SELECT COUNT(*) FROM "activities"
  [1m[36mActivity Load (0.3ms)[0m  [1mSELECT "activities".* FROM "activities"[0m
  Rendered activities/show.html.erb within layouts/application (0.4ms)
Completed 200 OK in 9ms (Views: 6.2ms | ActiveRecord: 0.5ms)


Started GET "/assets/jquery.js?body=1" for 127.0.0.1 at 2013-08-25 11:05:08 +0100


Started GET "/activities/random" for 127.0.0.1 at 2013-08-25 11:05:09 +0100
Processing by ActivitiesController#show_random as HTML
  [1m[35m (0.2ms)[0m  SELECT COUNT(*) FROM "activities"
  [1m[36mActivity Load (0.3ms)[0m  [1mSELECT "activities".* FROM "activities"[0m
  Rendered activities/show.html.erb within layouts/application (0.4ms)
Completed 200 OK in 9ms (Views: 6.3ms | ActiveRecord: 0.5ms)


Started GET "/assets/jquery.js?body=1" for 127.0.0.1 at 2013-08-25 11:05:09 +0100


Started GET "/activities/random" for 127.0.0.1 at 2013-08-25 11:05:10 +0100
Processing by ActivitiesController#show_random as HTML
  [1m[35m (0.2ms)[0m  SELECT COUNT(*) FROM "activities"
  [1m[36mActivity Load (0.2ms)[0m  [1mSELECT "activities".* FROM "activities"[0m
  Rendered activities/show.html.erb within layouts/application (0.6ms)
Completed 200 OK in 7ms (Views: 4.8ms | ActiveRecord: 0.4ms)


Started GET "/assets/jquery.js?body=1" for 127.0.0.1 at 2013-08-25 11:05:10 +0100


Started GET "/activities/random" for 127.0.0.1 at 2013-08-25 11:05:16 +0100
Processing by ActivitiesController#show_random as HTML
  [1m[35m (0.2ms)[0m  SELECT COUNT(*) FROM "activities"
  [1m[36mActivity Load (0.2ms)[0m  [1mSELECT "activities".* FROM "activities"[0m
  Rendered activities/show.html.erb within layouts/application (0.4ms)
Completed 200 OK in 7ms (Views: 4.5ms | ActiveRecord: 0.3ms)


Started GET "/assets/jquery.js?body=1" for 127.0.0.1 at 2013-08-25 11:05:16 +0100


Started GET "/activities/random" for 127.0.0.1 at 2013-08-25 11:09:12 +0100
Processing by ActivitiesController#show_random as HTML
  [1m[35m (0.2ms)[0m  SELECT COUNT(*) FROM "activities"
  [1m[36mActivity Load (0.3ms)[0m  [1mSELECT "activities".* FROM "activities"[0m
  Rendered activities/show.html.erb within layouts/application (0.6ms)
Completed 200 OK in 9ms (Views: 6.1ms | ActiveRecord: 0.5ms)


Started GET "/assets/jquery.js?body=1" for 127.0.0.1 at 2013-08-25 11:09:12 +0100
